{"D:\\FrontCamp2019\\lesson-12\\src\\config.js": {"path":"D:\\FrontCamp2019\\lesson-12\\src\\config.js","statementMap":{"0":{"start":{"line":2,"column":23},"end":{"line":2,"column":62}}},"fnMap":{},"branchMap":{},"s":{"0":4},"f":{},"b":{},"_coverageSchema":"43e27e138ebf9cfc5966b082cf9a028302ed4184","hash":"be864777fe54bfd6c811031fc65c675e1cdc1f0c"}
,"D:\\FrontCamp2019\\lesson-12\\src\\index.jsx": {"path":"D:\\FrontCamp2019\\lesson-12\\src\\index.jsx","statementMap":{"0":{"start":{"line":18,"column":16},"end":{"line":18,"column":67}},"1":{"start":{"line":20,"column":12},"end":{"line":33,"column":1}},"2":{"start":{"line":21,"column":2},"end":{"line":32,"column":13}},"3":{"start":{"line":25,"column":46},"end":{"line":25,"column":58}},"4":{"start":{"line":26,"column":124},"end":{"line":26,"column":136}},"5":{"start":{"line":27,"column":54},"end":{"line":27,"column":66}},"6":{"start":{"line":28,"column":40},"end":{"line":28,"column":87}},"7":{"start":{"line":35,"column":0},"end":{"line":35,"column":58}}},"fnMap":{"0":{"name":"(anonymous_0)","decl":{"start":{"line":20,"column":12},"end":{"line":20,"column":13}},"loc":{"start":{"line":21,"column":2},"end":{"line":32,"column":13}},"line":21},"1":{"name":"(anonymous_1)","decl":{"start":{"line":25,"column":40},"end":{"line":25,"column":41}},"loc":{"start":{"line":25,"column":46},"end":{"line":25,"column":58}},"line":25},"2":{"name":"(anonymous_2)","decl":{"start":{"line":26,"column":118},"end":{"line":26,"column":119}},"loc":{"start":{"line":26,"column":124},"end":{"line":26,"column":136}},"line":26},"3":{"name":"(anonymous_3)","decl":{"start":{"line":27,"column":48},"end":{"line":27,"column":49}},"loc":{"start":{"line":27,"column":54},"end":{"line":27,"column":66}},"line":27},"4":{"name":"(anonymous_4)","decl":{"start":{"line":28,"column":34},"end":{"line":28,"column":35}},"loc":{"start":{"line":28,"column":40},"end":{"line":28,"column":87}},"line":28}},"branchMap":{},"s":{"0":0,"1":0,"2":0,"3":0,"4":0,"5":0,"6":0,"7":0},"f":{"0":0,"1":0,"2":0,"3":0,"4":0},"b":{},"hash":"a0744e9f5135daacc0e787386066b54b0aea32e6"}
,"D:\\FrontCamp2019\\lesson-12\\src\\components\\board\\Board.jsx": {"path":"D:\\FrontCamp2019\\lesson-12\\src\\components\\board\\Board.jsx","statementMap":{"0":{"start":{"line":10,"column":13},"end":{"line":21,"column":3}},"1":{"start":{"line":13,"column":4},"end":{"line":20,"column":6}},"2":{"start":{"line":23,"column":12},"end":{"line":23,"column":67}},"3":{"start":{"line":23,"column":19},"end":{"line":23,"column":66}},"4":{"start":{"line":26,"column":22},"end":{"line":26,"column":32}},"5":{"start":{"line":27,"column":20},"end":{"line":28,"column":22}},"6":{"start":{"line":30,"column":4},"end":{"line":34,"column":6}},"7":{"start":{"line":38,"column":0},"end":{"line":40,"column":2}}},"fnMap":{"0":{"name":"(anonymous_0)","decl":{"start":{"line":10,"column":13},"end":{"line":10,"column":14}},"loc":{"start":{"line":13,"column":4},"end":{"line":20,"column":6}},"line":13},"1":{"name":"(anonymous_1)","decl":{"start":{"line":23,"column":12},"end":{"line":23,"column":13}},"loc":{"start":{"line":23,"column":19},"end":{"line":23,"column":66}},"line":23},"2":{"name":"(anonymous_2)","decl":{"start":{"line":25,"column":2},"end":{"line":25,"column":3}},"loc":{"start":{"line":25,"column":11},"end":{"line":35,"column":3}},"line":25}},"branchMap":{"0":{"loc":{"start":{"line":27,"column":20},"end":{"line":28,"column":22}},"type":"cond-expr","locations":[{"start":{"line":27,"column":39},"end":{"line":27,"column":63}},{"start":{"line":28,"column":8},"end":{"line":28,"column":22}}],"line":27}},"s":{"0":3,"1":4,"2":3,"3":1,"4":3,"5":3,"6":3,"7":1},"f":{"0":4,"1":1,"2":3},"b":{"0":[2,1]},"_coverageSchema":"43e27e138ebf9cfc5966b082cf9a028302ed4184","hash":"23550fc653e059c3052a247176ba885c9fdbc1cd"}
,"D:\\FrontCamp2019\\lesson-12\\src\\components\\card\\Card.jsx": {"path":"D:\\FrontCamp2019\\lesson-12\\src\\components\\card\\Card.jsx","statementMap":{"0":{"start":{"line":8,"column":20},"end":{"line":23,"column":1}},"1":{"start":{"line":11,"column":2},"end":{"line":22,"column":7}},"2":{"start":{"line":25,"column":0},"end":{"line":31,"column":2}}},"fnMap":{"0":{"name":"(anonymous_0)","decl":{"start":{"line":8,"column":20},"end":{"line":8,"column":21}},"loc":{"start":{"line":11,"column":2},"end":{"line":22,"column":7}},"line":11}},"branchMap":{},"s":{"0":2,"1":1,"2":2},"f":{"0":1},"b":{},"_coverageSchema":"43e27e138ebf9cfc5966b082cf9a028302ed4184","hash":"5d351ac053e37d55a373c885ac5a59bfe5efced3"}
,"D:\\FrontCamp2019\\lesson-12\\src\\components\\errorBoundary\\ErrorBoundary.jsx": {"path":"D:\\FrontCamp2019\\lesson-12\\src\\components\\errorBoundary\\ErrorBoundary.jsx","statementMap":{"0":{"start":{"line":5,"column":12},"end":{"line":7,"column":5}},"1":{"start":{"line":10,"column":6},"end":{"line":12,"column":8}},"2":{"start":{"line":16,"column":6},"end":{"line":16,"column":36}},"3":{"start":{"line":20,"column":27},"end":{"line":20,"column":37}},"4":{"start":{"line":21,"column":37},"end":{"line":21,"column":47}},"5":{"start":{"line":22,"column":6},"end":{"line":24,"column":7}},"6":{"start":{"line":23,"column":8},"end":{"line":23,"column":24}},"7":{"start":{"line":25,"column":6},"end":{"line":25,"column":22}},"8":{"start":{"line":29,"column":0},"end":{"line":32,"column":2}},"9":{"start":{"line":34,"column":0},"end":{"line":36,"column":2}}},"fnMap":{"0":{"name":"(anonymous_0)","decl":{"start":{"line":9,"column":4},"end":{"line":9,"column":5}},"loc":{"start":{"line":9,"column":38},"end":{"line":13,"column":5}},"line":9},"1":{"name":"(anonymous_1)","decl":{"start":{"line":15,"column":4},"end":{"line":15,"column":5}},"loc":{"start":{"line":15,"column":40},"end":{"line":17,"column":5}},"line":15},"2":{"name":"(anonymous_2)","decl":{"start":{"line":19,"column":4},"end":{"line":19,"column":5}},"loc":{"start":{"line":19,"column":13},"end":{"line":26,"column":5}},"line":19}},"branchMap":{"0":{"loc":{"start":{"line":22,"column":6},"end":{"line":24,"column":7}},"type":"if","locations":[{"start":{"line":22,"column":6},"end":{"line":24,"column":7}},{"start":{"line":22,"column":6},"end":{"line":24,"column":7}}],"line":22}},"s":{"0":0,"1":0,"2":0,"3":0,"4":0,"5":0,"6":0,"7":0,"8":0,"9":0},"f":{"0":0,"1":0,"2":0},"b":{"0":[0,0]},"hash":"2759237e63415ae13d8e68675f083a03a6b97d49"}
,"D:\\FrontCamp2019\\lesson-12\\src\\components\\errorTitle\\ErrorTitle.jsx": {"path":"D:\\FrontCamp2019\\lesson-12\\src\\components\\errorTitle\\ErrorTitle.jsx","statementMap":{"0":{"start":{"line":6,"column":19},"end":{"line":8,"column":1}},"1":{"start":{"line":7,"column":2},"end":{"line":7,"column":40}},"2":{"start":{"line":10,"column":0},"end":{"line":12,"column":2}}},"fnMap":{"0":{"name":"(anonymous_0)","decl":{"start":{"line":6,"column":19},"end":{"line":6,"column":20}},"loc":{"start":{"line":7,"column":2},"end":{"line":7,"column":40}},"line":7}},"branchMap":{},"s":{"0":2,"1":1,"2":2},"f":{"0":1},"b":{},"_coverageSchema":"43e27e138ebf9cfc5966b082cf9a028302ed4184","hash":"b28330c37ac2a7649437a80e76bca09ff32bd3a3"}
,"D:\\FrontCamp2019\\lesson-12\\src\\components\\film\\Film.jsx": {"path":"D:\\FrontCamp2019\\lesson-12\\src\\components\\film\\Film.jsx","statementMap":{"0":{"start":{"line":11,"column":13},"end":{"line":43,"column":1}},"1":{"start":{"line":14,"column":2},"end":{"line":42,"column":8}},"2":{"start":{"line":45,"column":0},"end":{"line":53,"column":2}}},"fnMap":{"0":{"name":"(anonymous_0)","decl":{"start":{"line":11,"column":13},"end":{"line":11,"column":14}},"loc":{"start":{"line":14,"column":2},"end":{"line":42,"column":8}},"line":14}},"branchMap":{},"s":{"0":1,"1":1,"2":1},"f":{"0":1},"b":{},"_coverageSchema":"43e27e138ebf9cfc5966b082cf9a028302ed4184","hash":"51b41c0d34851a8d8a7084f55b3530268d7b1d25"}
,"D:\\FrontCamp2019\\lesson-12\\src\\components\\filter\\Filter.jsx": {"path":"D:\\FrontCamp2019\\lesson-12\\src\\components\\filter\\Filter.jsx","statementMap":{"0":{"start":{"line":6,"column":18},"end":{"line":10,"column":2}},"1":{"start":{"line":6,"column":59},"end":{"line":10,"column":2}},"2":{"start":{"line":7,"column":2},"end":{"line":9,"column":7}},"3":{"start":{"line":8,"column":122},"end":{"line":8,"column":142}},"4":{"start":{"line":12,"column":15},"end":{"line":26,"column":1}},"5":{"start":{"line":15,"column":6},"end":{"line":15,"column":11}},"6":{"start":{"line":16,"column":20},"end":{"line":16,"column":66}},"7":{"start":{"line":18,"column":2},"end":{"line":25,"column":4}},"8":{"start":{"line":28,"column":0},"end":{"line":33,"column":2}},"9":{"start":{"line":35,"column":0},"end":{"line":40,"column":2}}},"fnMap":{"0":{"name":"(anonymous_0)","decl":{"start":{"line":6,"column":18},"end":{"line":6,"column":19}},"loc":{"start":{"line":6,"column":59},"end":{"line":10,"column":2}},"line":6},"1":{"name":"(anonymous_1)","decl":{"start":{"line":6,"column":70},"end":{"line":6,"column":71}},"loc":{"start":{"line":7,"column":2},"end":{"line":9,"column":7}},"line":7},"2":{"name":"(anonymous_2)","decl":{"start":{"line":8,"column":116},"end":{"line":8,"column":117}},"loc":{"start":{"line":8,"column":122},"end":{"line":8,"column":142}},"line":8},"3":{"name":"(anonymous_3)","decl":{"start":{"line":12,"column":15},"end":{"line":12,"column":16}},"loc":{"start":{"line":12,"column":26},"end":{"line":26,"column":1}},"line":12},"4":{"name":"(anonymous_4)","decl":{"start":{"line":39,"column":17},"end":{"line":39,"column":18}},"loc":{"start":{"line":39,"column":23},"end":{"line":39,"column":25}},"line":39}},"branchMap":{"0":{"loc":{"start":{"line":8,"column":37},"end":{"line":8,"column":105}},"type":"cond-expr","locations":[{"start":{"line":8,"column":62},"end":{"line":8,"column":85}},{"start":{"line":8,"column":88},"end":{"line":8,"column":105}}],"line":8}},"s":{"0":3,"1":1,"2":2,"3":0,"4":3,"5":1,"6":1,"7":1,"8":3,"9":3},"f":{"0":1,"1":2,"2":0,"3":1,"4":0},"b":{"0":[1,1]},"_coverageSchema":"43e27e138ebf9cfc5966b082cf9a028302ed4184","hash":"0ace75ec9fa48238c42fcbb14075a251eca357a0"}
,"D:\\FrontCamp2019\\lesson-12\\src\\components\\footer\\Footer.jsx": {"path":"D:\\FrontCamp2019\\lesson-12\\src\\components\\footer\\Footer.jsx","statementMap":{"0":{"start":{"line":7,"column":15},"end":{"line":13,"column":1}},"1":{"start":{"line":8,"column":2},"end":{"line":12,"column":11}}},"fnMap":{"0":{"name":"(anonymous_0)","decl":{"start":{"line":7,"column":15},"end":{"line":7,"column":16}},"loc":{"start":{"line":8,"column":2},"end":{"line":12,"column":11}},"line":8}},"branchMap":{},"s":{"0":2,"1":1},"f":{"0":1},"b":{},"_coverageSchema":"43e27e138ebf9cfc5966b082cf9a028302ed4184","hash":"cf55f70b3bc24bb3911959b3546a9daf93d5ded3"}
,"D:\\FrontCamp2019\\lesson-12\\src\\components\\header\\Нeader.jsx": {"path":"D:\\FrontCamp2019\\lesson-12\\src\\components\\header\\Нeader.jsx","statementMap":{"0":{"start":{"line":9,"column":15},"end":{"line":39,"column":1}},"1":{"start":{"line":10,"column":42},"end":{"line":10,"column":47}},"2":{"start":{"line":11,"column":31},"end":{"line":11,"column":43}},"3":{"start":{"line":12,"column":23},"end":{"line":15,"column":3}},"4":{"start":{"line":13,"column":22},"end":{"line":13,"column":34}},"5":{"start":{"line":14,"column":4},"end":{"line":14,"column":23}},"6":{"start":{"line":16,"column":23},"end":{"line":20,"column":3}},"7":{"start":{"line":17,"column":4},"end":{"line":17,"column":27}},"8":{"start":{"line":18,"column":29},"end":{"line":18,"column":34}},"9":{"start":{"line":19,"column":4},"end":{"line":19,"column":24}},"10":{"start":{"line":22,"column":2},"end":{"line":38,"column":4}},"11":{"start":{"line":41,"column":0},"end":{"line":45,"column":2}},"12":{"start":{"line":47,"column":0},"end":{"line":51,"column":2}}},"fnMap":{"0":{"name":"(anonymous_0)","decl":{"start":{"line":9,"column":15},"end":{"line":9,"column":16}},"loc":{"start":{"line":9,"column":26},"end":{"line":39,"column":1}},"line":9},"1":{"name":"(anonymous_1)","decl":{"start":{"line":12,"column":23},"end":{"line":12,"column":24}},"loc":{"start":{"line":12,"column":34},"end":{"line":15,"column":3}},"line":12},"2":{"name":"(anonymous_2)","decl":{"start":{"line":16,"column":23},"end":{"line":16,"column":24}},"loc":{"start":{"line":16,"column":34},"end":{"line":20,"column":3}},"line":16},"3":{"name":"(anonymous_3)","decl":{"start":{"line":49,"column":17},"end":{"line":49,"column":18}},"loc":{"start":{"line":49,"column":23},"end":{"line":49,"column":25}},"line":49},"4":{"name":"(anonymous_4)","decl":{"start":{"line":50,"column":16},"end":{"line":50,"column":17}},"loc":{"start":{"line":50,"column":22},"end":{"line":50,"column":24}},"line":50}},"branchMap":{},"s":{"0":1,"1":0,"2":0,"3":0,"4":0,"5":0,"6":0,"7":0,"8":0,"9":0,"10":0,"11":1,"12":1},"f":{"0":0,"1":0,"2":0,"3":0,"4":0},"b":{},"_coverageSchema":"43e27e138ebf9cfc5966b082cf9a028302ed4184","hash":"6438e418d317c2723a88045a192fd16272bc8ca4"}
,"D:\\FrontCamp2019\\lesson-12\\src\\components\\loader\\Loader.jsx": {"path":"D:\\FrontCamp2019\\lesson-12\\src\\components\\loader\\Loader.jsx","statementMap":{"0":{"start":{"line":5,"column":15},"end":{"line":13,"column":1}},"1":{"start":{"line":6,"column":2},"end":{"line":12,"column":8}}},"fnMap":{"0":{"name":"(anonymous_0)","decl":{"start":{"line":5,"column":15},"end":{"line":5,"column":16}},"loc":{"start":{"line":6,"column":2},"end":{"line":12,"column":8}},"line":6}},"branchMap":{},"s":{"0":1,"1":1},"f":{"0":1},"b":{},"_coverageSchema":"43e27e138ebf9cfc5966b082cf9a028302ed4184","hash":"ad101ddc648f06984dc4c68ade97ed3cbe4a8448"}
,"D:\\FrontCamp2019\\lesson-12\\src\\components\\logo\\Logo.jsx": {"path":"D:\\FrontCamp2019\\lesson-12\\src\\components\\logo\\Logo.jsx","statementMap":{"0":{"start":{"line":6,"column":13},"end":{"line":11,"column":1}},"1":{"start":{"line":7,"column":2},"end":{"line":10,"column":9}}},"fnMap":{"0":{"name":"(anonymous_0)","decl":{"start":{"line":6,"column":13},"end":{"line":6,"column":14}},"loc":{"start":{"line":7,"column":2},"end":{"line":10,"column":9}},"line":7}},"branchMap":{},"s":{"0":4,"1":1},"f":{"0":1},"b":{},"_coverageSchema":"43e27e138ebf9cfc5966b082cf9a028302ed4184","hash":"1124e9bea3e123d0cf0d242b78a3388673746b98"}
,"D:\\FrontCamp2019\\lesson-12\\src\\components\\searchIcon\\SearchIcon.jsx": {"path":"D:\\FrontCamp2019\\lesson-12\\src\\components\\searchIcon\\SearchIcon.jsx","statementMap":{"0":{"start":{"line":5,"column":19},"end":{"line":9,"column":1}},"1":{"start":{"line":6,"column":2},"end":{"line":8,"column":8}}},"fnMap":{"0":{"name":"(anonymous_0)","decl":{"start":{"line":5,"column":19},"end":{"line":5,"column":20}},"loc":{"start":{"line":6,"column":2},"end":{"line":8,"column":8}},"line":6}},"branchMap":{},"s":{"0":2,"1":1},"f":{"0":1},"b":{},"_coverageSchema":"43e27e138ebf9cfc5966b082cf9a028302ed4184","hash":"5cdd422337c55a8a8d50c1bfd9d26c3cff23c63c"}
,"D:\\FrontCamp2019\\lesson-12\\src\\components\\sortPanel\\SortPanel.jsx": {"path":"D:\\FrontCamp2019\\lesson-12\\src\\components\\sortPanel\\SortPanel.jsx","statementMap":{"0":{"start":{"line":7,"column":18},"end":{"line":24,"column":1}},"1":{"start":{"line":10,"column":6},"end":{"line":10,"column":11}},"2":{"start":{"line":11,"column":15},"end":{"line":11,"column":19}},"3":{"start":{"line":12,"column":2},"end":{"line":14,"column":3}},"4":{"start":{"line":13,"column":4},"end":{"line":13,"column":134}},"5":{"start":{"line":16,"column":2},"end":{"line":23,"column":4}},"6":{"start":{"line":27,"column":0},"end":{"line":32,"column":2}},"7":{"start":{"line":34,"column":0},"end":{"line":39,"column":2}}},"fnMap":{"0":{"name":"(anonymous_0)","decl":{"start":{"line":7,"column":18},"end":{"line":7,"column":19}},"loc":{"start":{"line":7,"column":29},"end":{"line":24,"column":1}},"line":7},"1":{"name":"(anonymous_1)","decl":{"start":{"line":38,"column":17},"end":{"line":38,"column":18}},"loc":{"start":{"line":38,"column":23},"end":{"line":38,"column":25}},"line":38}},"branchMap":{"0":{"loc":{"start":{"line":12,"column":2},"end":{"line":14,"column":3}},"type":"if","locations":[{"start":{"line":12,"column":2},"end":{"line":14,"column":3}},{"start":{"line":12,"column":2},"end":{"line":14,"column":3}}],"line":12}},"s":{"0":2,"1":2,"2":2,"3":2,"4":1,"5":2,"6":2,"7":2},"f":{"0":2,"1":0},"b":{"0":[1,1]},"_coverageSchema":"43e27e138ebf9cfc5966b082cf9a028302ed4184","hash":"540871d5bcbccc90934c0b67fd64d6d3bb83d39d"}
,"D:\\FrontCamp2019\\lesson-12\\src\\pages\\ErrorPage.jsx": {"path":"D:\\FrontCamp2019\\lesson-12\\src\\pages\\ErrorPage.jsx","statementMap":{"0":{"start":{"line":11,"column":25},"end":{"line":20,"column":1}},"1":{"start":{"line":12,"column":2},"end":{"line":19,"column":5}},"2":{"start":{"line":22,"column":0},"end":{"line":24,"column":2}}},"fnMap":{"0":{"name":"(anonymous_0)","decl":{"start":{"line":11,"column":25},"end":{"line":11,"column":26}},"loc":{"start":{"line":12,"column":2},"end":{"line":19,"column":5}},"line":12}},"branchMap":{},"s":{"0":1,"1":1,"2":1},"f":{"0":1},"b":{},"_coverageSchema":"43e27e138ebf9cfc5966b082cf9a028302ed4184","hash":"52b48640dbd53ed1bb791cf12966ab5f5b115b66"}
,"D:\\FrontCamp2019\\lesson-12\\src\\pages\\FilmPage.jsx": {"path":"D:\\FrontCamp2019\\lesson-12\\src\\pages\\FilmPage.jsx","statementMap":{"0":{"start":{"line":18,"column":24},"end":{"line":27,"column":1}},"1":{"start":{"line":19,"column":2},"end":{"line":26,"column":3}},"2":{"start":{"line":29,"column":27},"end":{"line":31,"column":1}},"3":{"start":{"line":34,"column":10},"end":{"line":36,"column":3}},"4":{"start":{"line":41,"column":8},"end":{"line":41,"column":18}},"5":{"start":{"line":42,"column":4},"end":{"line":42,"column":46}},"6":{"start":{"line":43,"column":4},"end":{"line":45,"column":7}},"7":{"start":{"line":49,"column":27},"end":{"line":49,"column":37}},"8":{"start":{"line":50,"column":19},"end":{"line":50,"column":29}},"9":{"start":{"line":51,"column":4},"end":{"line":57,"column":5}},"10":{"start":{"line":52,"column":52},"end":{"line":52,"column":62}},"11":{"start":{"line":53,"column":6},"end":{"line":53,"column":56}},"12":{"start":{"line":54,"column":6},"end":{"line":56,"column":9}},"13":{"start":{"line":61,"column":59},"end":{"line":61,"column":69}},"14":{"start":{"line":63,"column":4},"end":{"line":72,"column":6}},"15":{"start":{"line":76,"column":0},"end":{"line":94,"column":2}}},"fnMap":{"0":{"name":"(anonymous_0)","decl":{"start":{"line":18,"column":24},"end":{"line":18,"column":25}},"loc":{"start":{"line":19,"column":2},"end":{"line":26,"column":3}},"line":19},"1":{"name":"(anonymous_1)","decl":{"start":{"line":38,"column":2},"end":{"line":38,"column":3}},"loc":{"start":{"line":38,"column":22},"end":{"line":46,"column":3}},"line":38},"2":{"name":"(anonymous_2)","decl":{"start":{"line":48,"column":2},"end":{"line":48,"column":3}},"loc":{"start":{"line":48,"column":23},"end":{"line":58,"column":3}},"line":48},"3":{"name":"(anonymous_3)","decl":{"start":{"line":60,"column":2},"end":{"line":60,"column":3}},"loc":{"start":{"line":60,"column":11},"end":{"line":73,"column":3}},"line":60}},"branchMap":{"0":{"loc":{"start":{"line":51,"column":4},"end":{"line":57,"column":5}},"type":"if","locations":[{"start":{"line":51,"column":4},"end":{"line":57,"column":5}},{"start":{"line":51,"column":4},"end":{"line":57,"column":5}}],"line":51},"1":{"loc":{"start":{"line":63,"column":11},"end":{"line":72,"column":5}},"type":"cond-expr","locations":[{"start":{"line":63,"column":23},"end":{"line":63,"column":33}},{"start":{"line":64,"column":6},"end":{"line":71,"column":9}}],"line":63}},"s":{"0":0,"1":0,"2":0,"3":0,"4":0,"5":0,"6":0,"7":0,"8":0,"9":0,"10":0,"11":0,"12":0,"13":0,"14":0,"15":0},"f":{"0":0,"1":0,"2":0,"3":0},"b":{"0":[0,0],"1":[0,0]},"hash":"b3f24e76411d269c8f589f1d564921f9fac7cfe1"}
,"D:\\FrontCamp2019\\lesson-12\\src\\pages\\MainPage.jsx": {"path":"D:\\FrontCamp2019\\lesson-12\\src\\pages\\MainPage.jsx","statementMap":{"0":{"start":{"line":17,"column":24},"end":{"line":25,"column":2}},"1":{"start":{"line":17,"column":46},"end":{"line":25,"column":1}},"2":{"start":{"line":28,"column":27},"end":{"line":30,"column":1}},"3":{"start":{"line":33,"column":56},"end":{"line":33,"column":66}},"4":{"start":{"line":36,"column":8},"end":{"line":36,"column":14}},"5":{"start":{"line":37,"column":4},"end":{"line":40,"column":5}},"6":{"start":{"line":38,"column":26},"end":{"line":38,"column":128}},"7":{"start":{"line":39,"column":6},"end":{"line":39,"column":29}},"8":{"start":{"line":43,"column":18},"end":{"line":46,"column":3}},"9":{"start":{"line":44,"column":29},"end":{"line":44,"column":39}},"10":{"start":{"line":45,"column":4},"end":{"line":45,"column":24}},"11":{"start":{"line":48,"column":16},"end":{"line":51,"column":3}},"12":{"start":{"line":49,"column":27},"end":{"line":49,"column":37}},"13":{"start":{"line":50,"column":4},"end":{"line":50,"column":22}},"14":{"start":{"line":53,"column":17},"end":{"line":61,"column":3}},"15":{"start":{"line":56,"column":8},"end":{"line":56,"column":18}},"16":{"start":{"line":57,"column":24},"end":{"line":57,"column":126}},"17":{"start":{"line":58,"column":4},"end":{"line":58,"column":45}},"18":{"start":{"line":60,"column":4},"end":{"line":60,"column":27}},"19":{"start":{"line":66,"column":8},"end":{"line":66,"column":18}},"20":{"start":{"line":68,"column":4},"end":{"line":87,"column":6}},"21":{"start":{"line":91,"column":0},"end":{"line":107,"column":2}}},"fnMap":{"0":{"name":"(anonymous_0)","decl":{"start":{"line":17,"column":24},"end":{"line":17,"column":25}},"loc":{"start":{"line":17,"column":46},"end":{"line":25,"column":1}},"line":17},"1":{"name":"(anonymous_1)","decl":{"start":{"line":32,"column":2},"end":{"line":32,"column":3}},"loc":{"start":{"line":32,"column":22},"end":{"line":41,"column":3}},"line":32},"2":{"name":"(anonymous_2)","decl":{"start":{"line":43,"column":18},"end":{"line":43,"column":19}},"loc":{"start":{"line":43,"column":29},"end":{"line":46,"column":3}},"line":43},"3":{"name":"(anonymous_3)","decl":{"start":{"line":48,"column":16},"end":{"line":48,"column":17}},"loc":{"start":{"line":48,"column":27},"end":{"line":51,"column":3}},"line":48},"4":{"name":"(anonymous_4)","decl":{"start":{"line":53,"column":17},"end":{"line":53,"column":18}},"loc":{"start":{"line":53,"column":28},"end":{"line":61,"column":3}},"line":53},"5":{"name":"(anonymous_5)","decl":{"start":{"line":63,"column":2},"end":{"line":63,"column":3}},"loc":{"start":{"line":63,"column":11},"end":{"line":88,"column":3}},"line":63}},"branchMap":{"0":{"loc":{"start":{"line":37,"column":4},"end":{"line":40,"column":5}},"type":"if","locations":[{"start":{"line":37,"column":4},"end":{"line":40,"column":5}},{"start":{"line":37,"column":4},"end":{"line":40,"column":5}}],"line":37},"1":{"loc":{"start":{"line":37,"column":8},"end":{"line":37,"column":66}},"type":"binary-expr","locations":[{"start":{"line":37,"column":8},"end":{"line":37,"column":13}},{"start":{"line":37,"column":17},"end":{"line":37,"column":23}},{"start":{"line":37,"column":27},"end":{"line":37,"column":31}},{"start":{"line":37,"column":35},"end":{"line":37,"column":40}},{"start":{"line":37,"column":44},"end":{"line":37,"column":66}}],"line":37},"2":{"loc":{"start":{"line":85,"column":10},"end":{"line":85,"column":33}},"type":"binary-expr","locations":[{"start":{"line":85,"column":10},"end":{"line":85,"column":19}},{"start":{"line":85,"column":23},"end":{"line":85,"column":33}}],"line":85}},"s":{"0":0,"1":0,"2":0,"3":0,"4":0,"5":0,"6":0,"7":0,"8":0,"9":0,"10":0,"11":0,"12":0,"13":0,"14":0,"15":0,"16":0,"17":0,"18":0,"19":0,"20":0,"21":0},"f":{"0":0,"1":0,"2":0,"3":0,"4":0,"5":0},"b":{"0":[0,0],"1":[0,0,0,0,0],"2":[0,0]},"hash":"b43e03f3e862806cd15e75ee79536b3dfb126d75"}
,"D:\\FrontCamp2019\\lesson-12\\src\\redux\\store.js": {"path":"D:\\FrontCamp2019\\lesson-12\\src\\redux\\store.js","statementMap":{"0":{"start":{"line":5,"column":25},"end":{"line":5,"column":79}},"1":{"start":{"line":7,"column":20},"end":{"line":7,"column":37}},"2":{"start":{"line":9,"column":17},"end":{"line":9,"column":66}},"3":{"start":{"line":11,"column":14},"end":{"line":11,"column":48}}},"fnMap":{},"branchMap":{"0":{"loc":{"start":{"line":5,"column":25},"end":{"line":5,"column":79}},"type":"binary-expr","locations":[{"start":{"line":5,"column":25},"end":{"line":5,"column":68}},{"start":{"line":5,"column":72},"end":{"line":5,"column":79}}],"line":5}},"s":{"0":0,"1":0,"2":0,"3":0},"f":{},"b":{"0":[0,0]},"hash":"1a65aadc095bf4eeff5459e376fdaa9262844f13"}
,"D:\\FrontCamp2019\\lesson-12\\src\\redux\\actions\\filmPage.js": {"path":"D:\\FrontCamp2019\\lesson-12\\src\\redux\\actions\\filmPage.js","statementMap":{"0":{"start":{"line":3,"column":34},"end":{"line":3,"column":54}},"1":{"start":{"line":4,"column":32},"end":{"line":4,"column":50}},"2":{"start":{"line":5,"column":39},"end":{"line":5,"column":64}},"3":{"start":{"line":7,"column":38},"end":{"line":7,"column":62}},"4":{"start":{"line":9,"column":28},"end":{"line":11,"column":2}},"5":{"start":{"line":9,"column":35},"end":{"line":11,"column":1}},"6":{"start":{"line":13,"column":26},"end":{"line":15,"column":2}},"7":{"start":{"line":13,"column":33},"end":{"line":15,"column":1}},"8":{"start":{"line":17,"column":37},"end":{"line":20,"column":2}},"9":{"start":{"line":17,"column":48},"end":{"line":20,"column":1}},"10":{"start":{"line":22,"column":36},"end":{"line":25,"column":2}},"11":{"start":{"line":22,"column":47},"end":{"line":25,"column":1}},"12":{"start":{"line":27,"column":35},"end":{"line":33,"column":39}},"13":{"start":{"line":27,"column":57},"end":{"line":33,"column":39}},"14":{"start":{"line":27,"column":71},"end":{"line":33,"column":39}},"15":{"start":{"line":28,"column":22},"end":{"line":28,"column":37}},"16":{"start":{"line":30,"column":4},"end":{"line":30,"column":46}},"17":{"start":{"line":31,"column":4},"end":{"line":31,"column":27}},"18":{"start":{"line":33,"column":20},"end":{"line":33,"column":38}},"19":{"start":{"line":36,"column":36},"end":{"line":45,"column":1}},"20":{"start":{"line":36,"column":62},"end":{"line":45,"column":1}},"21":{"start":{"line":37,"column":2},"end":{"line":37,"column":27}},"22":{"start":{"line":38,"column":2},"end":{"line":44,"column":42}},"23":{"start":{"line":39,"column":24},"end":{"line":39,"column":39}},"24":{"start":{"line":41,"column":6},"end":{"line":41,"column":44}},"25":{"start":{"line":42,"column":6},"end":{"line":42,"column":74}},"26":{"start":{"line":44,"column":22},"end":{"line":44,"column":40}}},"fnMap":{"0":{"name":"(anonymous_0)","decl":{"start":{"line":9,"column":28},"end":{"line":9,"column":29}},"loc":{"start":{"line":9,"column":35},"end":{"line":11,"column":1}},"line":9},"1":{"name":"(anonymous_1)","decl":{"start":{"line":13,"column":26},"end":{"line":13,"column":27}},"loc":{"start":{"line":13,"column":33},"end":{"line":15,"column":1}},"line":13},"2":{"name":"(anonymous_2)","decl":{"start":{"line":17,"column":37},"end":{"line":17,"column":38}},"loc":{"start":{"line":17,"column":48},"end":{"line":20,"column":1}},"line":17},"3":{"name":"(anonymous_3)","decl":{"start":{"line":22,"column":36},"end":{"line":22,"column":37}},"loc":{"start":{"line":22,"column":47},"end":{"line":25,"column":1}},"line":22},"4":{"name":"(anonymous_4)","decl":{"start":{"line":27,"column":35},"end":{"line":27,"column":36}},"loc":{"start":{"line":27,"column":57},"end":{"line":33,"column":39}},"line":27},"5":{"name":"(anonymous_5)","decl":{"start":{"line":27,"column":57},"end":{"line":27,"column":58}},"loc":{"start":{"line":27,"column":71},"end":{"line":33,"column":39}},"line":27},"6":{"name":"(anonymous_6)","decl":{"start":{"line":28,"column":8},"end":{"line":28,"column":9}},"loc":{"start":{"line":28,"column":22},"end":{"line":28,"column":37}},"line":28},"7":{"name":"(anonymous_7)","decl":{"start":{"line":29,"column":8},"end":{"line":29,"column":9}},"loc":{"start":{"line":29,"column":18},"end":{"line":32,"column":3}},"line":29},"8":{"name":"(anonymous_8)","decl":{"start":{"line":33,"column":9},"end":{"line":33,"column":10}},"loc":{"start":{"line":33,"column":20},"end":{"line":33,"column":38}},"line":33},"9":{"name":"(anonymous_9)","decl":{"start":{"line":36,"column":36},"end":{"line":36,"column":37}},"loc":{"start":{"line":36,"column":62},"end":{"line":45,"column":1}},"line":36},"10":{"name":"(anonymous_10)","decl":{"start":{"line":36,"column":62},"end":{"line":36,"column":63}},"loc":{"start":{"line":36,"column":76},"end":{"line":45,"column":1}},"line":36},"11":{"name":"(anonymous_11)","decl":{"start":{"line":39,"column":10},"end":{"line":39,"column":11}},"loc":{"start":{"line":39,"column":24},"end":{"line":39,"column":39}},"line":39},"12":{"name":"(anonymous_12)","decl":{"start":{"line":40,"column":10},"end":{"line":40,"column":11}},"loc":{"start":{"line":40,"column":20},"end":{"line":43,"column":5}},"line":40},"13":{"name":"(anonymous_13)","decl":{"start":{"line":44,"column":11},"end":{"line":44,"column":12}},"loc":{"start":{"line":44,"column":22},"end":{"line":44,"column":40}},"line":44}},"branchMap":{},"s":{"0":2,"1":2,"2":2,"3":2,"4":2,"5":2,"6":2,"7":3,"8":2,"9":2,"10":2,"11":3,"12":2,"13":2,"14":2,"15":2,"16":2,"17":2,"18":0,"19":2,"20":1,"21":1,"22":1,"23":1,"24":1,"25":1,"26":0},"f":{"0":2,"1":3,"2":2,"3":3,"4":2,"5":2,"6":2,"7":2,"8":0,"9":1,"10":1,"11":1,"12":1,"13":0},"b":{},"_coverageSchema":"43e27e138ebf9cfc5966b082cf9a028302ed4184","hash":"d15529797206756d63a54df2bfbf10dc0319ebc0"}
,"D:\\FrontCamp2019\\lesson-12\\src\\redux\\actions\\mainPage.js": {"path":"D:\\FrontCamp2019\\lesson-12\\src\\redux\\actions\\mainPage.js","statementMap":{"0":{"start":{"line":3,"column":27},"end":{"line":3,"column":40}},"1":{"start":{"line":4,"column":29},"end":{"line":4,"column":44}},"2":{"start":{"line":5,"column":29},"end":{"line":5,"column":44}},"3":{"start":{"line":6,"column":28},"end":{"line":6,"column":42}},"4":{"start":{"line":7,"column":29},"end":{"line":7,"column":44}},"5":{"start":{"line":8,"column":27},"end":{"line":8,"column":40}},"6":{"start":{"line":9,"column":28},"end":{"line":9,"column":42}},"7":{"start":{"line":10,"column":26},"end":{"line":10,"column":38}},"8":{"start":{"line":12,"column":26},"end":{"line":15,"column":2}},"9":{"start":{"line":12,"column":37},"end":{"line":15,"column":1}},"10":{"start":{"line":17,"column":27},"end":{"line":20,"column":2}},"11":{"start":{"line":17,"column":39},"end":{"line":20,"column":1}},"12":{"start":{"line":22,"column":28},"end":{"line":25,"column":2}},"13":{"start":{"line":22,"column":41},"end":{"line":25,"column":1}},"14":{"start":{"line":27,"column":28},"end":{"line":30,"column":2}},"15":{"start":{"line":27,"column":39},"end":{"line":30,"column":1}},"16":{"start":{"line":32,"column":28},"end":{"line":34,"column":2}},"17":{"start":{"line":32,"column":35},"end":{"line":34,"column":1}},"18":{"start":{"line":36,"column":26},"end":{"line":38,"column":2}},"19":{"start":{"line":36,"column":33},"end":{"line":38,"column":1}},"20":{"start":{"line":40,"column":27},"end":{"line":43,"column":2}},"21":{"start":{"line":40,"column":38},"end":{"line":43,"column":1}},"22":{"start":{"line":45,"column":26},"end":{"line":55,"column":1}},"23":{"start":{"line":45,"column":43},"end":{"line":55,"column":1}},"24":{"start":{"line":46,"column":2},"end":{"line":46,"column":27}},"25":{"start":{"line":47,"column":2},"end":{"line":54,"column":42}},"26":{"start":{"line":48,"column":24},"end":{"line":48,"column":39}},"27":{"start":{"line":50,"column":6},"end":{"line":50,"column":41}},"28":{"start":{"line":51,"column":6},"end":{"line":51,"column":39}},"29":{"start":{"line":52,"column":6},"end":{"line":52,"column":29}},"30":{"start":{"line":54,"column":22},"end":{"line":54,"column":40}}},"fnMap":{"0":{"name":"(anonymous_0)","decl":{"start":{"line":12,"column":26},"end":{"line":12,"column":27}},"loc":{"start":{"line":12,"column":37},"end":{"line":15,"column":1}},"line":12},"1":{"name":"(anonymous_1)","decl":{"start":{"line":17,"column":27},"end":{"line":17,"column":28}},"loc":{"start":{"line":17,"column":39},"end":{"line":20,"column":1}},"line":17},"2":{"name":"(anonymous_2)","decl":{"start":{"line":22,"column":28},"end":{"line":22,"column":29}},"loc":{"start":{"line":22,"column":41},"end":{"line":25,"column":1}},"line":22},"3":{"name":"(anonymous_3)","decl":{"start":{"line":27,"column":28},"end":{"line":27,"column":29}},"loc":{"start":{"line":27,"column":39},"end":{"line":30,"column":1}},"line":27},"4":{"name":"(anonymous_4)","decl":{"start":{"line":32,"column":28},"end":{"line":32,"column":29}},"loc":{"start":{"line":32,"column":35},"end":{"line":34,"column":1}},"line":32},"5":{"name":"(anonymous_5)","decl":{"start":{"line":36,"column":26},"end":{"line":36,"column":27}},"loc":{"start":{"line":36,"column":33},"end":{"line":38,"column":1}},"line":36},"6":{"name":"(anonymous_6)","decl":{"start":{"line":40,"column":27},"end":{"line":40,"column":28}},"loc":{"start":{"line":40,"column":38},"end":{"line":43,"column":1}},"line":40},"7":{"name":"(anonymous_7)","decl":{"start":{"line":45,"column":26},"end":{"line":45,"column":27}},"loc":{"start":{"line":45,"column":43},"end":{"line":55,"column":1}},"line":45},"8":{"name":"(anonymous_8)","decl":{"start":{"line":45,"column":43},"end":{"line":45,"column":44}},"loc":{"start":{"line":45,"column":57},"end":{"line":55,"column":1}},"line":45},"9":{"name":"(anonymous_9)","decl":{"start":{"line":48,"column":10},"end":{"line":48,"column":11}},"loc":{"start":{"line":48,"column":24},"end":{"line":48,"column":39}},"line":48},"10":{"name":"(anonymous_10)","decl":{"start":{"line":49,"column":10},"end":{"line":49,"column":11}},"loc":{"start":{"line":49,"column":20},"end":{"line":53,"column":5}},"line":49},"11":{"name":"(anonymous_11)","decl":{"start":{"line":54,"column":11},"end":{"line":54,"column":12}},"loc":{"start":{"line":54,"column":22},"end":{"line":54,"column":40}},"line":54}},"branchMap":{},"s":{"0":2,"1":2,"2":2,"3":2,"4":2,"5":2,"6":2,"7":2,"8":2,"9":1,"10":2,"11":1,"12":2,"13":1,"14":2,"15":2,"16":2,"17":2,"18":2,"19":2,"20":2,"21":2,"22":2,"23":1,"24":1,"25":1,"26":1,"27":1,"28":1,"29":1,"30":0},"f":{"0":1,"1":1,"2":1,"3":2,"4":2,"5":2,"6":2,"7":1,"8":1,"9":1,"10":1,"11":0},"b":{},"_coverageSchema":"43e27e138ebf9cfc5966b082cf9a028302ed4184","hash":"6ec147058a3394e31c20fea16af7da727eec414b"}
,"D:\\FrontCamp2019\\lesson-12\\src\\redux\\reducers\\filmPage.js": {"path":"D:\\FrontCamp2019\\lesson-12\\src\\redux\\reducers\\filmPage.js","statementMap":{"0":{"start":{"line":8,"column":21},"end":{"line":12,"column":1}},"1":{"start":{"line":15,"column":2},"end":{"line":38,"column":3}},"2":{"start":{"line":17,"column":6},"end":{"line":20,"column":8}},"3":{"start":{"line":22,"column":6},"end":{"line":25,"column":8}},"4":{"start":{"line":27,"column":6},"end":{"line":30,"column":8}},"5":{"start":{"line":32,"column":6},"end":{"line":35,"column":8}},"6":{"start":{"line":37,"column":6},"end":{"line":37,"column":19}}},"fnMap":{"0":{"name":"(anonymous_0)","decl":{"start":{"line":14,"column":15},"end":{"line":14,"column":16}},"loc":{"start":{"line":14,"column":49},"end":{"line":39,"column":1}},"line":14}},"branchMap":{"0":{"loc":{"start":{"line":14,"column":16},"end":{"line":14,"column":36}},"type":"default-arg","locations":[{"start":{"line":14,"column":24},"end":{"line":14,"column":36}}],"line":14},"1":{"loc":{"start":{"line":15,"column":2},"end":{"line":38,"column":3}},"type":"switch","locations":[{"start":{"line":16,"column":4},"end":{"line":20,"column":8}},{"start":{"line":21,"column":4},"end":{"line":25,"column":8}},{"start":{"line":26,"column":4},"end":{"line":30,"column":8}},{"start":{"line":31,"column":4},"end":{"line":35,"column":8}},{"start":{"line":36,"column":4},"end":{"line":37,"column":19}}],"line":15}},"s":{"0":1,"1":9,"2":2,"3":2,"4":2,"5":2,"6":1},"f":{"0":9},"b":{"0":[1],"1":[2,2,2,2,1]},"_coverageSchema":"43e27e138ebf9cfc5966b082cf9a028302ed4184","hash":"985ba2120b62ced0ea8d7e7624613f79787dd132"}
,"D:\\FrontCamp2019\\lesson-12\\src\\redux\\reducers\\mainPage.js": {"path":"D:\\FrontCamp2019\\lesson-12\\src\\redux\\reducers\\mainPage.js","statementMap":{"0":{"start":{"line":11,"column":21},"end":{"line":18,"column":1}},"1":{"start":{"line":21,"column":2},"end":{"line":54,"column":3}},"2":{"start":{"line":23,"column":6},"end":{"line":26,"column":8}},"3":{"start":{"line":28,"column":6},"end":{"line":31,"column":8}},"4":{"start":{"line":33,"column":6},"end":{"line":36,"column":8}},"5":{"start":{"line":38,"column":6},"end":{"line":41,"column":8}},"6":{"start":{"line":43,"column":6},"end":{"line":46,"column":8}},"7":{"start":{"line":48,"column":6},"end":{"line":51,"column":8}},"8":{"start":{"line":53,"column":6},"end":{"line":53,"column":19}}},"fnMap":{"0":{"name":"(anonymous_0)","decl":{"start":{"line":20,"column":15},"end":{"line":20,"column":16}},"loc":{"start":{"line":20,"column":49},"end":{"line":55,"column":1}},"line":20}},"branchMap":{"0":{"loc":{"start":{"line":20,"column":16},"end":{"line":20,"column":36}},"type":"default-arg","locations":[{"start":{"line":20,"column":24},"end":{"line":20,"column":36}}],"line":20},"1":{"loc":{"start":{"line":21,"column":2},"end":{"line":54,"column":3}},"type":"switch","locations":[{"start":{"line":22,"column":4},"end":{"line":26,"column":8}},{"start":{"line":27,"column":4},"end":{"line":31,"column":8}},{"start":{"line":32,"column":4},"end":{"line":36,"column":8}},{"start":{"line":37,"column":4},"end":{"line":41,"column":8}},{"start":{"line":42,"column":4},"end":{"line":46,"column":8}},{"start":{"line":47,"column":4},"end":{"line":51,"column":8}},{"start":{"line":52,"column":4},"end":{"line":53,"column":19}}],"line":21}},"s":{"0":1,"1":13,"2":2,"3":2,"4":2,"5":2,"6":2,"7":2,"8":1},"f":{"0":13},"b":{"0":[1],"1":[2,2,2,2,2,2,1]},"_coverageSchema":"43e27e138ebf9cfc5966b082cf9a028302ed4184","hash":"cc16d3b2da4761d5949a7392a94839500ae22495"}
,"D:\\FrontCamp2019\\lesson-12\\src\\redux\\reducers\\rootReducer.js": {"path":"D:\\FrontCamp2019\\lesson-12\\src\\redux\\reducers\\rootReducer.js","statementMap":{},"fnMap":{},"branchMap":{},"s":{},"f":{},"b":{},"hash":"7e0ed194cde52f1ab43836fd4405193d947fb2fc"}
}
